<?xml version="1.0" encoding="UTF-8"?>
<!-- Generated by org.testng.reporters.JUnitXMLReporter -->
<testsuite hostname="PMISHRA-LAPTOP" name="Orion1CLS_FireFox" tests="10" failures="0" timestamp="16 May 2016 06:24:02 GMT" time="186.938" errors="0">
  <testcase name="BrowseToAddNewLeadPage" time="17.125" classname="orionLeadFlow.OrionLeadFlow"/>
  <testcase name="CreateLead" time="22.525" classname="orionLeadFlow.OrionLeadFlow"/>
  <testcase name="VerifyLeadInAdmisssionManager" time="17.606" classname="orionLeadFlow.OrionLeadFlow"/>
  <testcase name="SaveContactInfo" time="18.277" classname="orionLeadFlow.OrionLeadFlow"/>
  <testcase name="ProgresstoContacted" time="24.946" classname="orionLeadFlow.OrionLeadFlow"/>
  <testcase name="ProgressLeadtoIntScheduled" time="15.264" classname="orionLeadFlow.OrionLeadFlow"/>
  <testcase name="ProgressLeadtoIntComplete" time="15.604" classname="orionLeadFlow.OrionLeadFlow"/>
  <testcase name="ProgressLeadtoExamPending" time="1.455" classname="orionLeadFlow.OrionLeadFlow"/>
  <testcase name="ProgressLeadtoExamReceived" time="1.239" classname="orionLeadFlow.OrionLeadFlow"/>
  <testcase name="ProgressLeadPendingEnrollment" time="28.902" classname="orionLeadFlow.OrionLeadFlow"/>
</testsuite> <!-- Orion1CLS_FireFox -->
